<?xml version="1.0" encoding="UTF-8"?>
<!-- Generated by org.testng.reporters.JUnitXMLReporter -->
<testsuite hostname="DESKTOP-S12839G" ignored="0" name="Default test" tests="7" failures="0" timestamp="2021-01-07T13:25:24 EST" time="0.042" errors="0">
  <testcase name="checkSentense" time="0.008" classname="Exercise.TestCases"/>
  <testcase name="checkSentense" time="0.001" classname="Exercise.TestCases"/>
  <testcase name="checkSentense" time="0.001" classname="Exercise.TestCases"/>
  <testcase name="checkSentense" time="0.001" classname="Exercise.TestCases"/>
  <testcase name="checkSentense" time="0.001" classname="Exercise.TestCases"/>
  <testcase name="checkSentense" time="0.001" classname="Exercise.TestCases"/>
  <testcase name="checkSentense" time="0.0" classname="Exercise.TestCases"/>
</testsuite> <!-- Default test -->
