<?xml version="1.0" encoding="UTF-8"?>
<!-- Generated by org.testng.reporters.JUnitXMLReporter -->
<testsuite hostname="DESKTOP-S12839G" ignored="0" name="Default test" tests="3" failures="0" timestamp="2021-01-05T08:17:27 EST" time="0.036" errors="0">
  <testcase name="testMethod" time="0.006" classname="Exercise.TestCases"/>
  <testcase name="testMethod" time="0.001" classname="Exercise.TestCases"/>
  <testcase name="testMethod" time="0.001" classname="Exercise.TestCases"/>
</testsuite> <!-- Default test -->
