<?xml version="1.0" encoding="UTF-8"?>
<testng-results skipped="0" failed="0" ignored="0" total="7" passed="7">
  <reporter-output>
  </reporter-output>
  <suite name="Default suite" duration-ms="42" started-at="2021-01-07T13:25:24 EST" finished-at="2021-01-07T13:25:24 EST">
    <groups>
    </groups>
    <test name="Default test" duration-ms="42" started-at="2021-01-07T13:25:24 EST" finished-at="2021-01-07T13:25:24 EST">
      <class name="Exercise.TestCases">
        <test-method status="PASS" signature="checkSentense(java.lang.String, java.lang.String)[pri:0, instance:Exercise.TestCases@7791a895]" name="checkSentense" duration-ms="8" started-at="2021-01-07T13:25:24 EST" data-provider="getDataFromDataProvider" finished-at="2021-01-07T13:25:24 EST">
          <params>
            <param index="0">
              <value>
                <![CDATA[Knowing the word count of a text can be important]]>
              </value>
            </param>
            <param index="1">
              <value>
                <![CDATA[10 important]]>
              </value>
            </param>
          </params>
          <reporter-output>
          </reporter-output>
        </test-method> <!-- checkSentense -->
        <test-method status="PASS" signature="checkSentense(java.lang.String, java.lang.String)[pri:0, instance:Exercise.TestCases@7791a895]" name="checkSentense" duration-ms="1" started-at="2021-01-07T13:25:24 EST" data-provider="getDataFromDataProvider" finished-at="2021-01-07T13:25:24 EST">
          <params>
            <param index="0">
              <value>
                <![CDATA[Keep track of the number of words you write each day using the activity button]]>
              </value>
            </param>
            <param index="1">
              <value>
                <![CDATA[15 activity]]>
              </value>
            </param>
          </params>
          <reporter-output>
          </reporter-output>
        </test-method> <!-- checkSentense -->
        <test-method status="PASS" signature="checkSentense(java.lang.String, java.lang.String)[pri:0, instance:Exercise.TestCases@7791a895]" name="checkSentense" duration-ms="1" started-at="2021-01-07T13:25:24 EST" data-provider="getDataFromDataProvider" finished-at="2021-01-07T13:25:24 EST">
          <params>
            <param index="0">
              <value>
                <![CDATA[To check word count, simply place your cursor into the text box above and start typing]]>
              </value>
            </param>
            <param index="1">
              <value>
                <![CDATA[16 simply]]>
              </value>
            </param>
          </params>
          <reporter-output>
          </reporter-output>
        </test-method> <!-- checkSentense -->
        <test-method status="PASS" signature="checkSentense(java.lang.String, java.lang.String)[pri:0, instance:Exercise.TestCases@7791a895]" name="checkSentense" duration-ms="1" started-at="2021-01-07T13:25:24 EST" data-provider="getDataFromDataProvider" finished-at="2021-01-07T13:25:24 EST">
          <params>
            <param index="0">
              <value>
                <![CDATA[Summer Citrus]]>
              </value>
            </param>
            <param index="1">
              <value>
                <![CDATA[2 summer]]>
              </value>
            </param>
          </params>
          <reporter-output>
          </reporter-output>
        </test-method> <!-- checkSentense -->
        <test-method status="PASS" signature="checkSentense(java.lang.String, java.lang.String)[pri:0, instance:Exercise.TestCases@7791a895]" name="checkSentense" duration-ms="1" started-at="2021-01-07T13:25:24 EST" data-provider="getDataFromDataProvider" finished-at="2021-01-07T13:25:24 EST">
          <params>
            <param index="0">
              <value>
                <![CDATA[1]]>
              </value>
            </param>
            <param index="1">
              <value>
                <![CDATA[1 1]]>
              </value>
            </param>
          </params>
          <reporter-output>
          </reporter-output>
        </test-method> <!-- checkSentense -->
        <test-method status="PASS" signature="checkSentense(java.lang.String, java.lang.String)[pri:0, instance:Exercise.TestCases@7791a895]" name="checkSentense" duration-ms="1" started-at="2021-01-07T13:25:24 EST" data-provider="getDataFromDataProvider" finished-at="2021-01-07T13:25:24 EST">
          <params>
            <param index="0">
              <value>
                <![CDATA[]]>
              </value>
            </param>
            <param index="1">
              <value>
                <![CDATA[0]]>
              </value>
            </param>
          </params>
          <reporter-output>
          </reporter-output>
        </test-method> <!-- checkSentense -->
        <test-method status="PASS" signature="checkSentense(java.lang.String, java.lang.String)[pri:0, instance:Exercise.TestCases@7791a895]" name="checkSentense" duration-ms="0" started-at="2021-01-07T13:25:24 EST" data-provider="getDataFromDataProvider" finished-at="2021-01-07T13:25:24 EST">
          <params>
            <param index="0">
              <value>
                <![CDATA[!@$#^$*%(^)]]>
              </value>
            </param>
            <param index="1">
              <value>
                <![CDATA[0]]>
              </value>
            </param>
          </params>
          <reporter-output>
          </reporter-output>
        </test-method> <!-- checkSentense -->
      </class> <!-- Exercise.TestCases -->
    </test> <!-- Default test -->
  </suite> <!-- Default suite -->
</testng-results>
